[0.026s] Invoking command in '/home/henridvl/2dev_ws/src/build/serial': CMAKE_PREFIX_PATH=${CMAKE_PREFIX_PATH}:/opt/ros/humble /usr/bin/cmake /home/henridvl/2dev_ws/src/serial -DAMENT_CMAKE_SYMLINK_INSTALL=1 -DCMAKE_INSTALL_PREFIX=/home/henridvl/2dev_ws/src/install/serial
[0.483s] -- The C compiler identification is GNU 11.4.0
[0.909s] -- The CXX compiler identification is GNU 11.4.0
[1.291s] -- Detecting C compiler ABI info
[1.444s] -- Detecting C compiler ABI info - done
[1.451s] -- Check for working C compiler: /usr/bin/cc - skipped
[1.452s] -- Detecting C compile features
[1.452s] -- Detecting C compile features - done
[1.454s] -- Detecting CXX compiler ABI info
[1.603s] -- Detecting CXX compiler ABI info - done
[1.608s] -- Check for working CXX compiler: /usr/bin/c++ - skipped
[1.609s] -- Detecting CXX compile features
[1.609s] -- Detecting CXX compile features - done
[1.611s] -- Found ament_cmake: 1.3.10 (/opt/ros/humble/share/ament_cmake/cmake)
[1.727s] -- Found Python3: /usr/bin/python3 (found version "3.10.12") found components: Interpreter 
[1.786s] -- Override CMake install command with custom implementation using symlinks instead of copying resources
[1.819s] -- Found ament_cmake_gtest: 1.3.10 (/opt/ros/humble/share/ament_cmake_gtest/cmake)
[1.839s] -- Found Boost: /usr/lib/x86_64-linux-gnu/cmake/Boost-1.74.0/BoostConfig.cmake (found version "1.74.0")  
[1.846s] -- Found gtest sources under '/opt/ros/humble/src/gtest_vendor': C++ tests using 'Google Test' will be built
[1.851s] -- Looking for pthread.h
[2.031s] -- Looking for pthread.h - found
[2.031s] -- Performing Test CMAKE_HAVE_LIBC_PTHREAD
[2.184s] -- Performing Test CMAKE_HAVE_LIBC_PTHREAD - Success
[2.185s] -- Found Threads: TRUE  
[2.261s] -- Configuring done
[2.277s] -- Generating done
[2.279s] -- Build files have been written to: /home/henridvl/2dev_ws/src/build/serial
[2.285s] Invoked command in '/home/henridvl/2dev_ws/src/build/serial' returned '0': CMAKE_PREFIX_PATH=${CMAKE_PREFIX_PATH}:/opt/ros/humble /usr/bin/cmake /home/henridvl/2dev_ws/src/serial -DAMENT_CMAKE_SYMLINK_INSTALL=1 -DCMAKE_INSTALL_PREFIX=/home/henridvl/2dev_ws/src/install/serial
[2.287s] Invoking command in '/home/henridvl/2dev_ws/src/build/serial': CMAKE_PREFIX_PATH=${CMAKE_PREFIX_PATH}:/opt/ros/humble /usr/bin/cmake --build /home/henridvl/2dev_ws/src/build/serial -- -j16 -l16
[2.306s] -- Found ament_cmake: 1.3.10 (/opt/ros/humble/share/ament_cmake/cmake)
[2.424s] -- Override CMake install command with custom implementation using symlinks instead of copying resources
[2.431s] -- Found ament_cmake_gtest: 1.3.10 (/opt/ros/humble/share/ament_cmake_gtest/cmake)
[2.435s] -- Found gtest sources under '/opt/ros/humble/src/gtest_vendor': C++ tests using 'Google Test' will be built
[2.505s] -- Configuring done
[2.517s] -- Generating done
[2.520s] -- Build files have been written to: /home/henridvl/2dev_ws/src/build/serial
[2.549s] [ 14%] [32mBuilding CXX object CMakeFiles/serial.dir/src/serial.cc.o[0m
[2.550s] [ 14%] [32mBuilding CXX object CMakeFiles/serial.dir/src/impl/unix.cc.o[0m
[2.550s] [ 21%] [32mBuilding CXX object gtest/CMakeFiles/gtest_main.dir/src/gtest_main.cc.o[0m
[2.550s] [ 28%] [32mBuilding CXX object CMakeFiles/serial.dir/src/impl/list_ports/list_ports_linux.cc.o[0m
[2.560s] [ 35%] [32mBuilding CXX object gtest/CMakeFiles/gtest.dir/src/gtest-all.cc.o[0m
[3.188s] [ 42%] [32m[1mLinking CXX static library libserial.a[0m
[3.220s] [ 42%] Built target serial
[3.236s] [ 50%] [32mBuilding CXX object CMakeFiles/serial_example.dir/examples/serial_example.cc.o[0m
[3.473s] [ 57%] [32m[1mLinking CXX executable serial_example[0m
[3.496s] [ 64%] [32m[1mLinking CXX static library libgtest_main.a[0m
[3.534s] [ 64%] Built target gtest_main
[3.617s] [ 64%] Built target serial_example
[5.437s] [ 71%] [32m[1mLinking CXX static library libgtest.a[0m
[5.498s] [ 71%] Built target gtest
[5.515s] [ 85%] [32mBuilding CXX object tests/CMakeFiles/serial-test.dir/unix_serial_tests.cc.o[0m
[5.515s] [ 85%] [32mBuilding CXX object tests/CMakeFiles/serial-test-timer.dir/unit/unix_timer_tests.cc.o[0m
[6.317s] In file included from [01m[K/usr/include/boost/bind.hpp:30[m[K,
[6.317s]                  from [01m[K/home/henridvl/2dev_ws/src/serial/tests/unix_serial_tests.cc:23[m[K:
[6.317s] [01m[K/usr/include/boost/bind.hpp:36:1:[m[K [01;36m[Knote: [m[K‘[01m[K#pragma message: The practice of declaring the Bind placeholders (_1, _2, ...) in the global namespace is deprecated. Please use <boost/bind/bind.hpp> + using namespace boost::placeholders, or define BOOST_BIND_GLOBAL_PLACEHOLDERS to retain the current behavior.[m[K’
[6.317s]    36 | [01;36m[KBOOST_PRAGMA_MESSAGE[m[K(
[6.317s]       | [01;36m[K^~~~~~~~~~~~~~~~~~~~[m[K
[6.328s] [ 92%] [32m[1mLinking CXX executable serial-test-timer[0m
[6.477s] [100%] [32m[1mLinking CXX executable serial-test[0m
[6.501s] [100%] Built target serial-test-timer
[6.655s] [100%] Built target serial-test
