[0.178s] DEBUG:colcon:Command line arguments: ['/usr/bin/colcon', 'build']
[0.178s] DEBUG:colcon:Parsed command line arguments: Namespace(log_base=None, log_level=None, verb_name='build', build_base='build', install_base='install', merge_install=False, symlink_install=False, test_result_base=None, continue_on_error=False, executor='parallel', parallel_workers=16, event_handlers=None, ignore_user_meta=False, metas=['./colcon.meta'], base_paths=['.'], packages_ignore=None, packages_ignore_regex=None, paths=None, packages_up_to=None, packages_up_to_regex=None, packages_above=None, packages_above_and_dependencies=None, packages_above_depth=None, packages_select_by_dep=None, packages_skip_by_dep=None, packages_skip_up_to=None, packages_select_build_failed=False, packages_skip_build_finished=False, packages_select_test_failures=False, packages_skip_test_passed=False, packages_select=None, packages_skip=None, packages_select_regex=None, packages_skip_regex=None, packages_start=None, packages_end=None, allow_overriding=[], cmake_args=None, cmake_target=None, cmake_target_skip_unavailable=False, cmake_clean_cache=False, cmake_clean_first=False, cmake_force_configure=False, ament_cmake_args=None, catkin_cmake_args=None, catkin_skip_building_tests=False, verb_parser=<colcon_defaults.argument_parser.defaults.DefaultArgumentsDecorator object at 0x7f0967e64dc0>, verb_extension=<colcon_core.verb.build.BuildVerb object at 0x7f0967fe99c0>, main=<bound method BuildVerb.main of <colcon_core.verb.build.BuildVerb object at 0x7f0967fe99c0>>)
[0.286s] Level 1:colcon.colcon_core.package_discovery:discover_packages(colcon_meta) check parameters
[0.286s] Level 1:colcon.colcon_core.package_discovery:discover_packages(recursive) check parameters
[0.286s] Level 1:colcon.colcon_core.package_discovery:discover_packages(ignore) check parameters
[0.286s] Level 1:colcon.colcon_core.package_discovery:discover_packages(path) check parameters
[0.286s] Level 1:colcon.colcon_core.package_discovery:discover_packages(colcon_meta) discover
[0.286s] Level 1:colcon.colcon_core.package_discovery:discover_packages(recursive) discover
[0.286s] INFO:colcon.colcon_core.package_discovery:Crawling recursively for packages in '/home/henridvl/2dev_ws/src'
[0.286s] Level 1:colcon.colcon_core.package_identification:_identify(.) by extensions ['ignore', 'ignore_ament_install']
[0.287s] Level 1:colcon.colcon_core.package_identification:_identify(.) by extension 'ignore'
[0.287s] Level 1:colcon.colcon_core.package_identification:_identify(.) by extension 'ignore_ament_install'
[0.287s] Level 1:colcon.colcon_core.package_identification:_identify(.) by extensions ['colcon_pkg']
[0.287s] Level 1:colcon.colcon_core.package_identification:_identify(.) by extension 'colcon_pkg'
[0.287s] Level 1:colcon.colcon_core.package_identification:_identify(.) by extensions ['colcon_meta']
[0.287s] Level 1:colcon.colcon_core.package_identification:_identify(.) by extension 'colcon_meta'
[0.287s] Level 1:colcon.colcon_core.package_identification:_identify(.) by extensions ['ros']
[0.287s] Level 1:colcon.colcon_core.package_identification:_identify(.) by extension 'ros'
[0.295s] Level 1:colcon.colcon_core.package_identification:_identify(.) by extensions ['cmake', 'python']
[0.295s] Level 1:colcon.colcon_core.package_identification:_identify(.) by extension 'cmake'
[0.295s] Level 1:colcon.colcon_core.package_identification:_identify(.) by extension 'python'
[0.295s] Level 1:colcon.colcon_core.package_identification:_identify(.) by extensions ['python_setup_py']
[0.295s] Level 1:colcon.colcon_core.package_identification:_identify(.) by extension 'python_setup_py'
[0.295s] Level 1:colcon.colcon_core.package_identification:_identify(articubot_one) by extensions ['ignore', 'ignore_ament_install']
[0.295s] Level 1:colcon.colcon_core.package_identification:_identify(articubot_one) by extension 'ignore'
[0.295s] Level 1:colcon.colcon_core.package_identification:_identify(articubot_one) by extension 'ignore_ament_install'
[0.295s] Level 1:colcon.colcon_core.package_identification:_identify(articubot_one) by extensions ['colcon_pkg']
[0.295s] Level 1:colcon.colcon_core.package_identification:_identify(articubot_one) by extension 'colcon_pkg'
[0.295s] Level 1:colcon.colcon_core.package_identification:_identify(articubot_one) by extensions ['colcon_meta']
[0.295s] Level 1:colcon.colcon_core.package_identification:_identify(articubot_one) by extension 'colcon_meta'
[0.295s] Level 1:colcon.colcon_core.package_identification:_identify(articubot_one) by extensions ['ros']
[0.295s] Level 1:colcon.colcon_core.package_identification:_identify(articubot_one) by extension 'ros'
[0.297s] DEBUG:colcon.colcon_core.package_identification:Package 'articubot_one' with type 'ros.ament_cmake' and name 'articubot_one'
[0.297s] Level 1:colcon.colcon_core.package_identification:_identify(build) by extensions ['ignore', 'ignore_ament_install']
[0.297s] Level 1:colcon.colcon_core.package_identification:_identify(build) by extension 'ignore'
[0.297s] Level 1:colcon.colcon_core.package_identification:_identify(build) ignored
[0.297s] Level 1:colcon.colcon_core.package_identification:_identify(diffdrive_arduino) by extensions ['ignore', 'ignore_ament_install']
[0.297s] Level 1:colcon.colcon_core.package_identification:_identify(diffdrive_arduino) by extension 'ignore'
[0.297s] Level 1:colcon.colcon_core.package_identification:_identify(diffdrive_arduino) by extension 'ignore_ament_install'
[0.297s] Level 1:colcon.colcon_core.package_identification:_identify(diffdrive_arduino) by extensions ['colcon_pkg']
[0.297s] Level 1:colcon.colcon_core.package_identification:_identify(diffdrive_arduino) by extension 'colcon_pkg'
[0.297s] Level 1:colcon.colcon_core.package_identification:_identify(diffdrive_arduino) by extensions ['colcon_meta']
[0.297s] Level 1:colcon.colcon_core.package_identification:_identify(diffdrive_arduino) by extension 'colcon_meta'
[0.297s] Level 1:colcon.colcon_core.package_identification:_identify(diffdrive_arduino) by extensions ['ros']
[0.297s] Level 1:colcon.colcon_core.package_identification:_identify(diffdrive_arduino) by extension 'ros'
[0.298s] DEBUG:colcon.colcon_core.package_identification:Package 'diffdrive_arduino' with type 'ros.ament_cmake' and name 'diffdrive_arduino'
[0.298s] Level 1:colcon.colcon_core.package_identification:_identify(install) by extensions ['ignore', 'ignore_ament_install']
[0.298s] Level 1:colcon.colcon_core.package_identification:_identify(install) by extension 'ignore'
[0.298s] Level 1:colcon.colcon_core.package_identification:_identify(install) ignored
[0.298s] Level 1:colcon.colcon_core.package_identification:_identify(log) by extensions ['ignore', 'ignore_ament_install']
[0.298s] Level 1:colcon.colcon_core.package_identification:_identify(log) by extension 'ignore'
[0.298s] Level 1:colcon.colcon_core.package_identification:_identify(log) ignored
[0.298s] Level 1:colcon.colcon_core.package_discovery:discover_packages(recursive) using defaults
[0.298s] Level 1:colcon.colcon_core.package_discovery:discover_packages(ignore) discover
[0.298s] Level 1:colcon.colcon_core.package_discovery:discover_packages(ignore) using defaults
[0.298s] Level 1:colcon.colcon_core.package_discovery:discover_packages(path) discover
[0.298s] Level 1:colcon.colcon_core.package_discovery:discover_packages(path) using defaults
[0.313s] Level 1:colcon.colcon_core.package_discovery:discover_packages(prefix_path) check parameters
[0.313s] Level 1:colcon.colcon_core.package_discovery:discover_packages(prefix_path) discover
[0.314s] DEBUG:colcon.colcon_installed_package_information.package_discovery:Found 1 installed packages in /home/henridvl/2dev_ws/install
[0.315s] DEBUG:colcon.colcon_installed_package_information.package_discovery:Found 402 installed packages in /opt/ros/humble
[0.331s] Level 1:colcon.colcon_core.package_discovery:discover_packages(prefix_path) using defaults
[0.364s] Level 5:colcon.colcon_core.verb:set package 'articubot_one' build argument 'cmake_args' from command line to 'None'
[0.365s] Level 5:colcon.colcon_core.verb:set package 'articubot_one' build argument 'cmake_target' from command line to 'None'
[0.365s] Level 5:colcon.colcon_core.verb:set package 'articubot_one' build argument 'cmake_target_skip_unavailable' from command line to 'False'
[0.365s] Level 5:colcon.colcon_core.verb:set package 'articubot_one' build argument 'cmake_clean_cache' from command line to 'False'
[0.365s] Level 5:colcon.colcon_core.verb:set package 'articubot_one' build argument 'cmake_clean_first' from command line to 'False'
[0.365s] Level 5:colcon.colcon_core.verb:set package 'articubot_one' build argument 'cmake_force_configure' from command line to 'False'
[0.365s] Level 5:colcon.colcon_core.verb:set package 'articubot_one' build argument 'ament_cmake_args' from command line to 'None'
[0.365s] Level 5:colcon.colcon_core.verb:set package 'articubot_one' build argument 'catkin_cmake_args' from command line to 'None'
[0.365s] Level 5:colcon.colcon_core.verb:set package 'articubot_one' build argument 'catkin_skip_building_tests' from command line to 'False'
[0.365s] DEBUG:colcon.colcon_core.verb:Building package 'articubot_one' with the following arguments: {'ament_cmake_args': None, 'build_base': '/home/henridvl/2dev_ws/src/build/articubot_one', 'catkin_cmake_args': None, 'catkin_skip_building_tests': False, 'cmake_args': None, 'cmake_clean_cache': False, 'cmake_clean_first': False, 'cmake_force_configure': False, 'cmake_target': None, 'cmake_target_skip_unavailable': False, 'install_base': '/home/henridvl/2dev_ws/src/install/articubot_one', 'merge_install': False, 'path': '/home/henridvl/2dev_ws/src/articubot_one', 'symlink_install': False, 'test_result_base': None}
[0.365s] Level 5:colcon.colcon_core.verb:set package 'diffdrive_arduino' build argument 'cmake_args' from command line to 'None'
[0.365s] Level 5:colcon.colcon_core.verb:set package 'diffdrive_arduino' build argument 'cmake_target' from command line to 'None'
[0.365s] Level 5:colcon.colcon_core.verb:set package 'diffdrive_arduino' build argument 'cmake_target_skip_unavailable' from command line to 'False'
[0.365s] Level 5:colcon.colcon_core.verb:set package 'diffdrive_arduino' build argument 'cmake_clean_cache' from command line to 'False'
[0.365s] Level 5:colcon.colcon_core.verb:set package 'diffdrive_arduino' build argument 'cmake_clean_first' from command line to 'False'
[0.365s] Level 5:colcon.colcon_core.verb:set package 'diffdrive_arduino' build argument 'cmake_force_configure' from command line to 'False'
[0.365s] Level 5:colcon.colcon_core.verb:set package 'diffdrive_arduino' build argument 'ament_cmake_args' from command line to 'None'
[0.365s] Level 5:colcon.colcon_core.verb:set package 'diffdrive_arduino' build argument 'catkin_cmake_args' from command line to 'None'
[0.365s] Level 5:colcon.colcon_core.verb:set package 'diffdrive_arduino' build argument 'catkin_skip_building_tests' from command line to 'False'
[0.365s] DEBUG:colcon.colcon_core.verb:Building package 'diffdrive_arduino' with the following arguments: {'ament_cmake_args': None, 'build_base': '/home/henridvl/2dev_ws/src/build/diffdrive_arduino', 'catkin_cmake_args': None, 'catkin_skip_building_tests': False, 'cmake_args': None, 'cmake_clean_cache': False, 'cmake_clean_first': False, 'cmake_force_configure': False, 'cmake_target': None, 'cmake_target_skip_unavailable': False, 'install_base': '/home/henridvl/2dev_ws/src/install/diffdrive_arduino', 'merge_install': False, 'path': '/home/henridvl/2dev_ws/src/diffdrive_arduino', 'symlink_install': False, 'test_result_base': None}
[0.365s] INFO:colcon.colcon_core.executor:Executing jobs using 'parallel' executor
[0.367s] DEBUG:colcon.colcon_parallel_executor.executor.parallel:run_until_complete
[0.367s] INFO:colcon.colcon_ros.task.ament_cmake.build:Building ROS package in '/home/henridvl/2dev_ws/src/articubot_one' with build type 'ament_cmake'
[0.368s] INFO:colcon.colcon_cmake.task.cmake.build:Building CMake package in '/home/henridvl/2dev_ws/src/articubot_one'
[0.371s] INFO:colcon.colcon_core.plugin_system:Skipping extension 'colcon_core.shell.bat': Not used on non-Windows systems
[0.371s] INFO:colcon.colcon_core.shell:Skip shell extension 'powershell' for command environment: Not usable outside of PowerShell
[0.371s] DEBUG:colcon.colcon_core.shell:Skip shell extension 'dsv' for command environment
[0.375s] INFO:colcon.colcon_ros.task.ament_cmake.build:Building ROS package in '/home/henridvl/2dev_ws/src/diffdrive_arduino' with build type 'ament_cmake'
[0.375s] INFO:colcon.colcon_cmake.task.cmake.build:Building CMake package in '/home/henridvl/2dev_ws/src/diffdrive_arduino'
[0.375s] INFO:colcon.colcon_core.shell:Skip shell extension 'powershell' for command environment: Not usable outside of PowerShell
[0.376s] DEBUG:colcon.colcon_core.shell:Skip shell extension 'dsv' for command environment
[0.387s] DEBUG:colcon.colcon_core.event_handler.log_command:Invoking command in '/home/henridvl/2dev_ws/src/build/articubot_one': CMAKE_PREFIX_PATH=${CMAKE_PREFIX_PATH}:/opt/ros/humble /usr/bin/cmake --build /home/henridvl/2dev_ws/src/build/articubot_one -- -j16 -l16
[0.394s] DEBUG:colcon.colcon_core.event_handler.log_command:Invoking command in '/home/henridvl/2dev_ws/src/build/diffdrive_arduino': CMAKE_PREFIX_PATH=${CMAKE_PREFIX_PATH}:/opt/ros/humble /usr/bin/cmake /home/henridvl/2dev_ws/src/diffdrive_arduino -DCMAKE_INSTALL_PREFIX=/home/henridvl/2dev_ws/src/install/diffdrive_arduino
[0.425s] DEBUG:colcon.colcon_core.event_handler.log_command:Invoked command in '/home/henridvl/2dev_ws/src/build/articubot_one' returned '0': CMAKE_PREFIX_PATH=${CMAKE_PREFIX_PATH}:/opt/ros/humble /usr/bin/cmake --build /home/henridvl/2dev_ws/src/build/articubot_one -- -j16 -l16
[0.456s] DEBUG:colcon.colcon_core.event_handler.log_command:Invoking command in '/home/henridvl/2dev_ws/src/build/articubot_one': CMAKE_PREFIX_PATH=${CMAKE_PREFIX_PATH}:/opt/ros/humble /usr/bin/cmake --install /home/henridvl/2dev_ws/src/build/articubot_one
[0.486s] Level 1:colcon.colcon_core.environment:create_environment_scripts_only(articubot_one)
[0.488s] DEBUG:colcon.colcon_core.event_handler.log_command:Invoked command in '/home/henridvl/2dev_ws/src/build/articubot_one' returned '0': CMAKE_PREFIX_PATH=${CMAKE_PREFIX_PATH}:/opt/ros/humble /usr/bin/cmake --install /home/henridvl/2dev_ws/src/build/articubot_one
[0.489s] Level 1:colcon.colcon_core.environment:checking '/home/henridvl/2dev_ws/src/install/articubot_one' for CMake module files
[0.490s] Level 1:colcon.colcon_core.environment:checking '/home/henridvl/2dev_ws/src/install/articubot_one' for CMake config files
[0.490s] Level 1:colcon.colcon_core.shell:create_environment_hook('articubot_one', 'cmake_prefix_path')
[0.490s] INFO:colcon.colcon_core.shell:Creating environment hook '/home/henridvl/2dev_ws/src/install/articubot_one/share/articubot_one/hook/cmake_prefix_path.ps1'
[0.491s] INFO:colcon.colcon_core.shell:Creating environment descriptor '/home/henridvl/2dev_ws/src/install/articubot_one/share/articubot_one/hook/cmake_prefix_path.dsv'
[0.491s] INFO:colcon.colcon_core.shell:Creating environment hook '/home/henridvl/2dev_ws/src/install/articubot_one/share/articubot_one/hook/cmake_prefix_path.sh'
[0.492s] Level 1:colcon.colcon_core.environment:checking '/home/henridvl/2dev_ws/src/install/articubot_one/bin'
[0.492s] Level 1:colcon.colcon_core.environment:checking '/home/henridvl/2dev_ws/src/install/articubot_one/lib/pkgconfig/articubot_one.pc'
[0.492s] Level 1:colcon.colcon_core.environment:checking '/home/henridvl/2dev_ws/src/install/articubot_one/lib/python3.10/site-packages'
[0.492s] Level 1:colcon.colcon_core.environment:checking '/home/henridvl/2dev_ws/src/install/articubot_one/bin'
[0.493s] INFO:colcon.colcon_core.shell:Creating package script '/home/henridvl/2dev_ws/src/install/articubot_one/share/articubot_one/package.ps1'
[0.494s] INFO:colcon.colcon_core.shell:Creating package descriptor '/home/henridvl/2dev_ws/src/install/articubot_one/share/articubot_one/package.dsv'
[0.495s] INFO:colcon.colcon_core.shell:Creating package script '/home/henridvl/2dev_ws/src/install/articubot_one/share/articubot_one/package.sh'
[0.495s] INFO:colcon.colcon_core.shell:Creating package script '/home/henridvl/2dev_ws/src/install/articubot_one/share/articubot_one/package.bash'
[0.496s] INFO:colcon.colcon_core.shell:Creating package script '/home/henridvl/2dev_ws/src/install/articubot_one/share/articubot_one/package.zsh'
[0.496s] Level 1:colcon.colcon_core.environment:create_file_with_runtime_dependencies(/home/henridvl/2dev_ws/src/install/articubot_one/share/colcon-core/packages/articubot_one)
[0.521s] Level 1:colcon.colcon_core.environment:create_environment_scripts_only(articubot_one)
[0.521s] Level 1:colcon.colcon_core.environment:checking '/home/henridvl/2dev_ws/src/install/articubot_one' for CMake module files
[0.522s] Level 1:colcon.colcon_core.environment:checking '/home/henridvl/2dev_ws/src/install/articubot_one' for CMake config files
[0.522s] Level 1:colcon.colcon_core.shell:create_environment_hook('articubot_one', 'cmake_prefix_path')
[0.522s] INFO:colcon.colcon_core.shell:Creating environment hook '/home/henridvl/2dev_ws/src/install/articubot_one/share/articubot_one/hook/cmake_prefix_path.ps1'
[0.522s] INFO:colcon.colcon_core.shell:Creating environment descriptor '/home/henridvl/2dev_ws/src/install/articubot_one/share/articubot_one/hook/cmake_prefix_path.dsv'
[0.523s] INFO:colcon.colcon_core.shell:Creating environment hook '/home/henridvl/2dev_ws/src/install/articubot_one/share/articubot_one/hook/cmake_prefix_path.sh'
[0.523s] Level 1:colcon.colcon_core.environment:checking '/home/henridvl/2dev_ws/src/install/articubot_one/bin'
[0.523s] Level 1:colcon.colcon_core.environment:checking '/home/henridvl/2dev_ws/src/install/articubot_one/lib/pkgconfig/articubot_one.pc'
[0.524s] Level 1:colcon.colcon_core.environment:checking '/home/henridvl/2dev_ws/src/install/articubot_one/lib/python3.10/site-packages'
[0.524s] Level 1:colcon.colcon_core.environment:checking '/home/henridvl/2dev_ws/src/install/articubot_one/bin'
[0.524s] INFO:colcon.colcon_core.shell:Creating package script '/home/henridvl/2dev_ws/src/install/articubot_one/share/articubot_one/package.ps1'
[0.524s] INFO:colcon.colcon_core.shell:Creating package descriptor '/home/henridvl/2dev_ws/src/install/articubot_one/share/articubot_one/package.dsv'
[0.525s] INFO:colcon.colcon_core.shell:Creating package script '/home/henridvl/2dev_ws/src/install/articubot_one/share/articubot_one/package.sh'
[0.525s] INFO:colcon.colcon_core.shell:Creating package script '/home/henridvl/2dev_ws/src/install/articubot_one/share/articubot_one/package.bash'
[0.525s] INFO:colcon.colcon_core.shell:Creating package script '/home/henridvl/2dev_ws/src/install/articubot_one/share/articubot_one/package.zsh'
[0.527s] Level 1:colcon.colcon_core.environment:create_file_with_runtime_dependencies(/home/henridvl/2dev_ws/src/install/articubot_one/share/colcon-core/packages/articubot_one)
[2.694s] DEBUG:colcon.colcon_core.event_handler.log_command:Invoked command in '/home/henridvl/2dev_ws/src/build/diffdrive_arduino' returned '0': CMAKE_PREFIX_PATH=${CMAKE_PREFIX_PATH}:/opt/ros/humble /usr/bin/cmake /home/henridvl/2dev_ws/src/diffdrive_arduino -DCMAKE_INSTALL_PREFIX=/home/henridvl/2dev_ws/src/install/diffdrive_arduino
[2.695s] DEBUG:colcon.colcon_core.event_handler.log_command:Invoking command in '/home/henridvl/2dev_ws/src/build/diffdrive_arduino': CMAKE_PREFIX_PATH=${CMAKE_PREFIX_PATH}:/opt/ros/humble /usr/bin/cmake --build /home/henridvl/2dev_ws/src/build/diffdrive_arduino -- -j16 -l16
[3.063s] DEBUG:colcon.colcon_core.event_handler.log_command:Invoked command in '/home/henridvl/2dev_ws/src/build/diffdrive_arduino' returned '2': CMAKE_PREFIX_PATH=${CMAKE_PREFIX_PATH}:/opt/ros/humble /usr/bin/cmake --build /home/henridvl/2dev_ws/src/build/diffdrive_arduino -- -j16 -l16
[3.087s] Level 1:colcon.colcon_core.environment:create_environment_scripts_only(diffdrive_arduino)
[3.088s] Level 1:colcon.colcon_core.environment:checking '/home/henridvl/2dev_ws/src/install/diffdrive_arduino' for CMake module files
[3.088s] Level 1:colcon.colcon_core.environment:checking '/home/henridvl/2dev_ws/src/install/diffdrive_arduino' for CMake config files
[3.088s] Level 1:colcon.colcon_core.environment:checking '/home/henridvl/2dev_ws/src/install/diffdrive_arduino/bin'
[3.088s] Level 1:colcon.colcon_core.environment:checking '/home/henridvl/2dev_ws/src/install/diffdrive_arduino/lib/pkgconfig/diffdrive_arduino.pc'
[3.089s] Level 1:colcon.colcon_core.environment:checking '/home/henridvl/2dev_ws/src/install/diffdrive_arduino/lib/python3.10/site-packages'
[3.089s] Level 1:colcon.colcon_core.environment:checking '/home/henridvl/2dev_ws/src/install/diffdrive_arduino/bin'
[3.089s] INFO:colcon.colcon_core.shell:Creating package script '/home/henridvl/2dev_ws/src/install/diffdrive_arduino/share/diffdrive_arduino/package.ps1'
[3.089s] INFO:colcon.colcon_core.shell:Creating package descriptor '/home/henridvl/2dev_ws/src/install/diffdrive_arduino/share/diffdrive_arduino/package.dsv'
[3.090s] INFO:colcon.colcon_core.shell:Creating package script '/home/henridvl/2dev_ws/src/install/diffdrive_arduino/share/diffdrive_arduino/package.sh'
[3.090s] INFO:colcon.colcon_core.shell:Creating package script '/home/henridvl/2dev_ws/src/install/diffdrive_arduino/share/diffdrive_arduino/package.bash'
[3.090s] INFO:colcon.colcon_core.shell:Creating package script '/home/henridvl/2dev_ws/src/install/diffdrive_arduino/share/diffdrive_arduino/package.zsh'
[3.090s] Level 1:colcon.colcon_core.environment:create_file_with_runtime_dependencies(/home/henridvl/2dev_ws/src/install/diffdrive_arduino/share/colcon-core/packages/diffdrive_arduino)
[3.102s] DEBUG:colcon.colcon_parallel_executor.executor.parallel:closing loop
[3.102s] DEBUG:colcon.colcon_parallel_executor.executor.parallel:loop closed
[3.102s] DEBUG:colcon.colcon_parallel_executor.executor.parallel:run_until_complete finished with '2'
[3.103s] DEBUG:colcon.colcon_core.event_reactor:joining thread
[3.138s] INFO:colcon.colcon_core.plugin_system:Skipping extension 'colcon_notification.desktop_notification.notify_send': Could not find 'notify-send'
[3.139s] INFO:colcon.colcon_core.plugin_system:Skipping extension 'colcon_notification.desktop_notification.terminal_notifier': Not used on non-Darwin systems
[3.139s] INFO:colcon.colcon_core.plugin_system:Skipping extension 'colcon_notification.desktop_notification.win32': Not used on non-Windows systems
[3.139s] INFO:colcon.colcon_notification.desktop_notification:Sending desktop notification using 'notify2'
[3.140s] DEBUG:colcon.colcon_notification.desktop_notification.notify2:Failed to initialize notify2: org.freedesktop.DBus.Error.ServiceUnknown: The name org.freedesktop.Notifications was not provided by any .service files
[3.140s] DEBUG:colcon.colcon_core.event_reactor:joined thread
[3.141s] INFO:colcon.colcon_core.shell:Creating prefix script '/home/henridvl/2dev_ws/src/install/local_setup.ps1'
[3.142s] INFO:colcon.colcon_core.shell:Creating prefix util module '/home/henridvl/2dev_ws/src/install/_local_setup_util_ps1.py'
[3.143s] INFO:colcon.colcon_core.shell:Creating prefix chain script '/home/henridvl/2dev_ws/src/install/setup.ps1'
[3.144s] INFO:colcon.colcon_core.shell:Creating prefix script '/home/henridvl/2dev_ws/src/install/local_setup.sh'
[3.144s] INFO:colcon.colcon_core.shell:Creating prefix util module '/home/henridvl/2dev_ws/src/install/_local_setup_util_sh.py'
[3.144s] INFO:colcon.colcon_core.shell:Creating prefix chain script '/home/henridvl/2dev_ws/src/install/setup.sh'
[3.145s] INFO:colcon.colcon_core.shell:Creating prefix script '/home/henridvl/2dev_ws/src/install/local_setup.bash'
[3.145s] INFO:colcon.colcon_core.shell:Creating prefix chain script '/home/henridvl/2dev_ws/src/install/setup.bash'
[3.146s] INFO:colcon.colcon_core.shell:Creating prefix script '/home/henridvl/2dev_ws/src/install/local_setup.zsh'
[3.146s] INFO:colcon.colcon_core.shell:Creating prefix chain script '/home/henridvl/2dev_ws/src/install/setup.zsh'
