[0.024s] Invoking command in '/home/henridvl/2dev_ws/src/build/serial': CMAKE_PREFIX_PATH=${CMAKE_PREFIX_PATH}:/opt/ros/humble /usr/bin/cmake /home/henridvl/2dev_ws/src/serial -DCMAKE_INSTALL_PREFIX=/home/henridvl/2dev_ws/src/install/serial
[0.035s] -- Found ament_cmake: 1.3.10 (/opt/ros/humble/share/ament_cmake/cmake)
[0.142s] -- Override CMake install command with custom implementation using symlinks instead of copying resources
[0.153s] -- Found ament_cmake_gtest: 1.3.10 (/opt/ros/humble/share/ament_cmake_gtest/cmake)
[0.160s] -- Found gtest sources under '/opt/ros/humble/src/gtest_vendor': C++ tests using 'Google Test' will be built
[0.225s] -- Configuring done
[0.257s] -- Generating done
[0.259s] -- Build files have been written to: /home/henridvl/2dev_ws/src/build/serial
[0.264s] Invoked command in '/home/henridvl/2dev_ws/src/build/serial' returned '0': CMAKE_PREFIX_PATH=${CMAKE_PREFIX_PATH}:/opt/ros/humble /usr/bin/cmake /home/henridvl/2dev_ws/src/serial -DCMAKE_INSTALL_PREFIX=/home/henridvl/2dev_ws/src/install/serial
[0.266s] Invoking command in '/home/henridvl/2dev_ws/src/build/serial': CMAKE_PREFIX_PATH=${CMAKE_PREFIX_PATH}:/opt/ros/humble /usr/bin/cmake --build /home/henridvl/2dev_ws/src/build/serial -- -j16 -l16
[0.307s] [35m[1mConsolidate compiler generated dependencies of target gtest_main[0m
[0.307s] [35m[1mConsolidate compiler generated dependencies of target gtest[0m
[0.308s] [35m[1mConsolidate compiler generated dependencies of target serial[0m
[0.321s] [ 35%] [32mBuilding CXX object CMakeFiles/serial.dir/src/impl/unix.cc.o[0m
[0.321s] [ 35%] [32mBuilding CXX object CMakeFiles/serial.dir/src/serial.cc.o[0m
[0.321s] [ 42%] Built target gtest
[0.321s] [ 42%] Built target gtest_main
[0.322s] [ 50%] [32mBuilding CXX object CMakeFiles/serial.dir/src/impl/list_ports/list_ports_linux.cc.o[0m
[0.752s] [ 57%] [32m[1mLinking CXX static library libserial.a[0m
[0.786s] [ 57%] Built target serial
[0.795s] [35m[1mConsolidate compiler generated dependencies of target serial-test-timer[0m
[0.796s] [35m[1mConsolidate compiler generated dependencies of target serial_example[0m
[0.796s] [35m[1mConsolidate compiler generated dependencies of target serial-test[0m
[0.808s] [ 64%] [32mBuilding CXX object tests/CMakeFiles/serial-test-timer.dir/unit/unix_timer_tests.cc.o[0m
[0.808s] [ 78%] [32mBuilding CXX object CMakeFiles/serial_example.dir/examples/serial_example.cc.o[0m
[0.808s] [ 78%] [32mBuilding CXX object tests/CMakeFiles/serial-test.dir/unix_serial_tests.cc.o[0m
[1.114s] [ 85%] [32m[1mLinking CXX executable serial_example[0m
[1.268s] [ 85%] Built target serial_example
[1.570s] In file included from [01m[K/usr/include/boost/bind.hpp:30[m[K,
[1.570s]                  from [01m[K/home/henridvl/2dev_ws/src/serial/tests/unix_serial_tests.cc:23[m[K:
[1.570s] [01m[K/usr/include/boost/bind.hpp:36:1:[m[K [01;36m[Knote: [m[K‘[01m[K#pragma message: The practice of declaring the Bind placeholders (_1, _2, ...) in the global namespace is deprecated. Please use <boost/bind/bind.hpp> + using namespace boost::placeholders, or define BOOST_BIND_GLOBAL_PLACEHOLDERS to retain the current behavior.[m[K’
[1.570s]    36 | [01;36m[KBOOST_PRAGMA_MESSAGE[m[K(
[1.570s]       | [01;36m[K^~~~~~~~~~~~~~~~~~~~[m[K
[1.630s] [ 92%] [32m[1mLinking CXX executable serial-test-timer[0m
[1.744s] [100%] [32m[1mLinking CXX executable serial-test[0m
[1.881s] [100%] Built target serial-test-timer
[1.968s] [100%] Built target serial-test
[1.985s] Invoked command in '/home/henridvl/2dev_ws/src/build/serial' returned '0': CMAKE_PREFIX_PATH=${CMAKE_PREFIX_PATH}:/opt/ros/humble /usr/bin/cmake --build /home/henridvl/2dev_ws/src/build/serial -- -j16 -l16
[2.026s] Invoking command in '/home/henridvl/2dev_ws/src/build/serial': CMAKE_PREFIX_PATH=${CMAKE_PREFIX_PATH}:/opt/ros/humble /usr/bin/cmake --install /home/henridvl/2dev_ws/src/build/serial
[2.033s] -- Install configuration: ""
[2.033s] -- Execute custom install script
[2.034s] -- Symlinking: /home/henridvl/2dev_ws/src/install/serial/lib/libserial.a
[2.045s] -- Symlinking: /home/henridvl/2dev_ws/src/install/serial/include/serial/serial.h
[2.052s] -- Symlinking: /home/henridvl/2dev_ws/src/install/serial/include/serial/v8stdint.h
[2.064s] -- Symlinking: /home/henridvl/2dev_ws/src/install/serial/share/serial/environment/library_path.sh
[2.076s] -- Symlinking: /home/henridvl/2dev_ws/src/install/serial/share/serial/environment/library_path.dsv
[2.086s] -- Symlinking: /home/henridvl/2dev_ws/src/install/serial/share/ament_index/resource_index/package_run_dependencies/serial
[2.097s] -- Symlinking: /home/henridvl/2dev_ws/src/install/serial/share/ament_index/resource_index/parent_prefix_path/serial
[2.106s] -- Symlinking: /home/henridvl/2dev_ws/src/install/serial/share/serial/environment/ament_prefix_path.sh
[2.115s] -- Symlinking: /home/henridvl/2dev_ws/src/install/serial/share/serial/environment/ament_prefix_path.dsv
[2.125s] -- Symlinking: /home/henridvl/2dev_ws/src/install/serial/share/serial/environment/path.sh
[2.137s] -- Symlinking: /home/henridvl/2dev_ws/src/install/serial/share/serial/environment/path.dsv
[2.148s] -- Symlinking: /home/henridvl/2dev_ws/src/install/serial/share/serial/local_setup.bash
[2.157s] -- Symlinking: /home/henridvl/2dev_ws/src/install/serial/share/serial/local_setup.sh
[2.167s] -- Symlinking: /home/henridvl/2dev_ws/src/install/serial/share/serial/local_setup.zsh
[2.177s] -- Symlinking: /home/henridvl/2dev_ws/src/install/serial/share/serial/local_setup.dsv
[2.186s] -- Symlinking: /home/henridvl/2dev_ws/src/install/serial/share/serial/package.dsv
[2.194s] -- Symlinking: /home/henridvl/2dev_ws/src/install/serial/share/ament_index/resource_index/packages/serial
[2.203s] -- Symlinking: /home/henridvl/2dev_ws/src/install/serial/share/serial/cmake/ament_cmake_export_include_directories-extras.cmake
[2.213s] -- Symlinking: /home/henridvl/2dev_ws/src/install/serial/share/serial/cmake/ament_cmake_export_libraries-extras.cmake
[2.221s] -- Symlinking: /home/henridvl/2dev_ws/src/install/serial/share/serial/cmake/serialConfig.cmake
[2.232s] -- Symlinking: /home/henridvl/2dev_ws/src/install/serial/share/serial/cmake/serialConfig-version.cmake
[2.240s] -- Symlinking: /home/henridvl/2dev_ws/src/install/serial/share/serial/package.xml
[2.252s] Invoked command in '/home/henridvl/2dev_ws/src/build/serial' returned '0': CMAKE_PREFIX_PATH=${CMAKE_PREFIX_PATH}:/opt/ros/humble /usr/bin/cmake --install /home/henridvl/2dev_ws/src/build/serial
