[0.027s] Invoking command in '/home/henridvl/2dev_ws/src/build/diffdrive_arduino': CMAKE_PREFIX_PATH=${CMAKE_PREFIX_PATH}:/opt/ros/humble /usr/bin/cmake /home/henridvl/2dev_ws/src/diffdrive_arduino -DAMENT_CMAKE_SYMLINK_INSTALL=1 -DCMAKE_INSTALL_PREFIX=/home/henridvl/2dev_ws/src/install/diffdrive_arduino
[0.502s] -- The CXX compiler identification is GNU 11.4.0
[0.910s] -- Detecting CXX compiler ABI info
[1.075s] -- Detecting CXX compiler ABI info - done
[1.082s] -- Check for working CXX compiler: /usr/bin/c++ - skipped
[1.091s] -- Detecting CXX compile features
[1.092s] -- Detecting CXX compile features - done
[1.120s] -- Found ament_cmake: 1.3.10 (/opt/ros/humble/share/ament_cmake/cmake)
[1.268s] -- Found Python3: /usr/bin/python3 (found version "3.10.12") found components: Interpreter 
[1.367s] -- Override CMake install command with custom implementation using symlinks instead of copying resources
[1.425s] -- Found hardware_interface: 2.43.1 (/opt/ros/humble/share/hardware_interface/cmake)
[1.642s] -- Found rosidl_generator_c: 3.1.5 (/opt/ros/humble/share/rosidl_generator_c/cmake)
[1.652s] -- Found rosidl_adapter: 3.1.5 (/opt/ros/humble/share/rosidl_adapter/cmake)
[1.670s] -- Found rosidl_generator_cpp: 3.1.5 (/opt/ros/humble/share/rosidl_generator_cpp/cmake)
[1.695s] -- Using all available rosidl_typesupport_c: rosidl_typesupport_fastrtps_c;rosidl_typesupport_introspection_c
[1.722s] -- Using all available rosidl_typesupport_cpp: rosidl_typesupport_fastrtps_cpp;rosidl_typesupport_introspection_cpp
[3.599s] -- Found rmw_implementation_cmake: 6.1.2 (/opt/ros/humble/share/rmw_implementation_cmake/cmake)
[3.605s] -- Found rmw_fastrtps_cpp: 6.2.7 (/opt/ros/humble/share/rmw_fastrtps_cpp/cmake)
[3.655s] -- Found TinyXML2 via Config file: TinyXML2_DIR-NOTFOUND
[3.721s] -- Found OpenSSL: /usr/lib/x86_64-linux-gnu/libcrypto.so (found version "3.0.2")  
[3.726s] -- Found TinyXML2 via Config file: TinyXML2_DIR-NOTFOUND
[3.918s] -- Found FastRTPS: /opt/ros/humble/include  
[3.931s] -- Found TinyXML2 via Config file: TinyXML2_DIR-NOTFOUND
[3.940s] -- Found TinyXML2 via Config file: TinyXML2_DIR-NOTFOUND
[4.027s] -- Using RMW implementation 'rmw_fastrtps_cpp' as default
[4.046s] -- Looking for C++ include pthread.h
[4.197s] -- Looking for C++ include pthread.h - found
[4.197s] -- Performing Test CMAKE_HAVE_LIBC_PTHREAD
[4.373s] -- Performing Test CMAKE_HAVE_LIBC_PTHREAD - Success
[4.373s] -- Found Threads: TRUE  
[4.459s] -- Found ament_cmake_gtest: 1.3.10 (/opt/ros/humble/share/ament_cmake_gtest/cmake)
[4.539s] -- Configuring done
[4.659s] -- Generating done
[4.660s] -- Build files have been written to: /home/henridvl/2dev_ws/src/build/diffdrive_arduino
[4.678s] Invoked command in '/home/henridvl/2dev_ws/src/build/diffdrive_arduino' returned '0': CMAKE_PREFIX_PATH=${CMAKE_PREFIX_PATH}:/opt/ros/humble /usr/bin/cmake /home/henridvl/2dev_ws/src/diffdrive_arduino -DAMENT_CMAKE_SYMLINK_INSTALL=1 -DCMAKE_INSTALL_PREFIX=/home/henridvl/2dev_ws/src/install/diffdrive_arduino
[4.680s] Invoking command in '/home/henridvl/2dev_ws/src/build/diffdrive_arduino': CMAKE_PREFIX_PATH=${CMAKE_PREFIX_PATH}:/opt/ros/humble /usr/bin/cmake --build /home/henridvl/2dev_ws/src/build/diffdrive_arduino -- -j16 -l16
[4.731s] [ 50%] [32mBuilding CXX object CMakeFiles/diffdrive_arduino.dir/hardware/diffbot_system.cpp.o[0m
[4.984s] In file included from [01m[K/home/henridvl/2dev_ws/src/diffdrive_arduino/hardware/include/diffdrive_arduino/diffbot_system.hpp:34[m[K,
[4.984s]                  from [01m[K/home/henridvl/2dev_ws/src/diffdrive_arduino/hardware/diffbot_system.cpp:15[m[K:
[4.984s] [01m[K/home/henridvl/2dev_ws/src/diffdrive_arduino/hardware/include/diffdrive_arduino/arduino_comms.hpp:7:10:[m[K [01;31m[Kfatal error: [m[Klibserial/SerialPort.h: No such file or directory
[4.984s]     7 | #include [01;31m[K<libserial/SerialPort.h>[m[K
[4.984s]       |          [01;31m[K^~~~~~~~~~~~~~~~~~~~~~~~[m[K
[4.984s] compilation terminated.
[4.986s] gmake[2]: *** [CMakeFiles/diffdrive_arduino.dir/build.make:76: CMakeFiles/diffdrive_arduino.dir/hardware/diffbot_system.cpp.o] Error 1
[4.986s] gmake[1]: *** [CMakeFiles/Makefile2:137: CMakeFiles/diffdrive_arduino.dir/all] Error 2
[4.986s] gmake: *** [Makefile:146: all] Error 2
[4.991s] Invoked command in '/home/henridvl/2dev_ws/src/build/diffdrive_arduino' returned '2': CMAKE_PREFIX_PATH=${CMAKE_PREFIX_PATH}:/opt/ros/humble /usr/bin/cmake --build /home/henridvl/2dev_ws/src/build/diffdrive_arduino -- -j16 -l16
