[0.195s] DEBUG:colcon:Command line arguments: ['/usr/bin/colcon', 'build', '--symlink-install']
[0.196s] DEBUG:colcon:Parsed command line arguments: Namespace(log_base=None, log_level=None, verb_name='build', build_base='build', install_base='install', merge_install=False, symlink_install=True, test_result_base=None, continue_on_error=False, executor='parallel', parallel_workers=16, event_handlers=None, ignore_user_meta=False, metas=['./colcon.meta'], base_paths=['.'], packages_ignore=None, packages_ignore_regex=None, paths=None, packages_up_to=None, packages_up_to_regex=None, packages_above=None, packages_above_and_dependencies=None, packages_above_depth=None, packages_select_by_dep=None, packages_skip_by_dep=None, packages_skip_up_to=None, packages_select_build_failed=False, packages_skip_build_finished=False, packages_select_test_failures=False, packages_skip_test_passed=False, packages_select=None, packages_skip=None, packages_select_regex=None, packages_skip_regex=None, packages_start=None, packages_end=None, allow_overriding=[], cmake_args=None, cmake_target=None, cmake_target_skip_unavailable=False, cmake_clean_cache=False, cmake_clean_first=False, cmake_force_configure=False, ament_cmake_args=None, catkin_cmake_args=None, catkin_skip_building_tests=False, verb_parser=<colcon_defaults.argument_parser.defaults.DefaultArgumentsDecorator object at 0x7f3dce1c0dc0>, verb_extension=<colcon_core.verb.build.BuildVerb object at 0x7f3dce33d9c0>, main=<bound method BuildVerb.main of <colcon_core.verb.build.BuildVerb object at 0x7f3dce33d9c0>>)
[0.400s] Level 1:colcon.colcon_core.package_discovery:discover_packages(colcon_meta) check parameters
[0.400s] Level 1:colcon.colcon_core.package_discovery:discover_packages(recursive) check parameters
[0.400s] Level 1:colcon.colcon_core.package_discovery:discover_packages(ignore) check parameters
[0.400s] Level 1:colcon.colcon_core.package_discovery:discover_packages(path) check parameters
[0.400s] Level 1:colcon.colcon_core.package_discovery:discover_packages(colcon_meta) discover
[0.401s] Level 1:colcon.colcon_core.package_discovery:discover_packages(recursive) discover
[0.401s] INFO:colcon.colcon_core.package_discovery:Crawling recursively for packages in '/home/henridvl/2dev_ws/src'
[0.401s] Level 1:colcon.colcon_core.package_identification:_identify(.) by extensions ['ignore', 'ignore_ament_install']
[0.401s] Level 1:colcon.colcon_core.package_identification:_identify(.) by extension 'ignore'
[0.401s] Level 1:colcon.colcon_core.package_identification:_identify(.) by extension 'ignore_ament_install'
[0.401s] Level 1:colcon.colcon_core.package_identification:_identify(.) by extensions ['colcon_pkg']
[0.401s] Level 1:colcon.colcon_core.package_identification:_identify(.) by extension 'colcon_pkg'
[0.401s] Level 1:colcon.colcon_core.package_identification:_identify(.) by extensions ['colcon_meta']
[0.401s] Level 1:colcon.colcon_core.package_identification:_identify(.) by extension 'colcon_meta'
[0.401s] Level 1:colcon.colcon_core.package_identification:_identify(.) by extensions ['ros']
[0.401s] Level 1:colcon.colcon_core.package_identification:_identify(.) by extension 'ros'
[0.433s] Level 1:colcon.colcon_core.package_identification:_identify(.) by extensions ['cmake', 'python']
[0.434s] Level 1:colcon.colcon_core.package_identification:_identify(.) by extension 'cmake'
[0.434s] Level 1:colcon.colcon_core.package_identification:_identify(.) by extension 'python'
[0.434s] Level 1:colcon.colcon_core.package_identification:_identify(.) by extensions ['python_setup_py']
[0.434s] Level 1:colcon.colcon_core.package_identification:_identify(.) by extension 'python_setup_py'
[0.435s] Level 1:colcon.colcon_core.package_identification:_identify(articubot_one) by extensions ['ignore', 'ignore_ament_install']
[0.435s] Level 1:colcon.colcon_core.package_identification:_identify(articubot_one) by extension 'ignore'
[0.435s] Level 1:colcon.colcon_core.package_identification:_identify(articubot_one) by extension 'ignore_ament_install'
[0.435s] Level 1:colcon.colcon_core.package_identification:_identify(articubot_one) by extensions ['colcon_pkg']
[0.435s] Level 1:colcon.colcon_core.package_identification:_identify(articubot_one) by extension 'colcon_pkg'
[0.436s] Level 1:colcon.colcon_core.package_identification:_identify(articubot_one) by extensions ['colcon_meta']
[0.436s] Level 1:colcon.colcon_core.package_identification:_identify(articubot_one) by extension 'colcon_meta'
[0.436s] Level 1:colcon.colcon_core.package_identification:_identify(articubot_one) by extensions ['ros']
[0.436s] Level 1:colcon.colcon_core.package_identification:_identify(articubot_one) by extension 'ros'
[0.443s] DEBUG:colcon.colcon_core.package_identification:Package 'articubot_one' with type 'ros.ament_cmake' and name 'articubot_one'
[0.443s] Level 1:colcon.colcon_core.package_identification:_identify(build) by extensions ['ignore', 'ignore_ament_install']
[0.443s] Level 1:colcon.colcon_core.package_identification:_identify(build) by extension 'ignore'
[0.443s] Level 1:colcon.colcon_core.package_identification:_identify(build) ignored
[0.443s] Level 1:colcon.colcon_core.package_identification:_identify(diffdrive_arduino) by extensions ['ignore', 'ignore_ament_install']
[0.443s] Level 1:colcon.colcon_core.package_identification:_identify(diffdrive_arduino) by extension 'ignore'
[0.443s] Level 1:colcon.colcon_core.package_identification:_identify(diffdrive_arduino) by extension 'ignore_ament_install'
[0.443s] Level 1:colcon.colcon_core.package_identification:_identify(diffdrive_arduino) by extensions ['colcon_pkg']
[0.443s] Level 1:colcon.colcon_core.package_identification:_identify(diffdrive_arduino) by extension 'colcon_pkg'
[0.444s] Level 1:colcon.colcon_core.package_identification:_identify(diffdrive_arduino) by extensions ['colcon_meta']
[0.444s] Level 1:colcon.colcon_core.package_identification:_identify(diffdrive_arduino) by extension 'colcon_meta'
[0.444s] Level 1:colcon.colcon_core.package_identification:_identify(diffdrive_arduino) by extensions ['ros']
[0.444s] Level 1:colcon.colcon_core.package_identification:_identify(diffdrive_arduino) by extension 'ros'
[0.445s] DEBUG:colcon.colcon_core.package_identification:Package 'diffdrive_arduino' with type 'ros.ament_cmake' and name 'diffdrive_arduino'
[0.445s] Level 1:colcon.colcon_core.package_identification:_identify(install) by extensions ['ignore', 'ignore_ament_install']
[0.445s] Level 1:colcon.colcon_core.package_identification:_identify(install) by extension 'ignore'
[0.445s] Level 1:colcon.colcon_core.package_identification:_identify(install) ignored
[0.445s] Level 1:colcon.colcon_core.package_identification:_identify(log) by extensions ['ignore', 'ignore_ament_install']
[0.445s] Level 1:colcon.colcon_core.package_identification:_identify(log) by extension 'ignore'
[0.445s] Level 1:colcon.colcon_core.package_identification:_identify(log) ignored
[0.445s] Level 1:colcon.colcon_core.package_identification:_identify(serial) by extensions ['ignore', 'ignore_ament_install']
[0.445s] Level 1:colcon.colcon_core.package_identification:_identify(serial) by extension 'ignore'
[0.445s] Level 1:colcon.colcon_core.package_identification:_identify(serial) by extension 'ignore_ament_install'
[0.445s] Level 1:colcon.colcon_core.package_identification:_identify(serial) by extensions ['colcon_pkg']
[0.445s] Level 1:colcon.colcon_core.package_identification:_identify(serial) by extension 'colcon_pkg'
[0.445s] Level 1:colcon.colcon_core.package_identification:_identify(serial) by extensions ['colcon_meta']
[0.445s] Level 1:colcon.colcon_core.package_identification:_identify(serial) by extension 'colcon_meta'
[0.445s] Level 1:colcon.colcon_core.package_identification:_identify(serial) by extensions ['ros']
[0.445s] Level 1:colcon.colcon_core.package_identification:_identify(serial) by extension 'ros'
[0.446s] DEBUG:colcon.colcon_core.package_identification:Package 'serial' with type 'ros.ament_cmake' and name 'serial'
[0.446s] Level 1:colcon.colcon_core.package_discovery:discover_packages(recursive) using defaults
[0.446s] Level 1:colcon.colcon_core.package_discovery:discover_packages(ignore) discover
[0.446s] Level 1:colcon.colcon_core.package_discovery:discover_packages(ignore) using defaults
[0.446s] Level 1:colcon.colcon_core.package_discovery:discover_packages(path) discover
[0.446s] Level 1:colcon.colcon_core.package_discovery:discover_packages(path) using defaults
[0.480s] Level 1:colcon.colcon_core.package_discovery:discover_packages(prefix_path) check parameters
[0.480s] Level 1:colcon.colcon_core.package_discovery:discover_packages(prefix_path) discover
[0.489s] DEBUG:colcon.colcon_installed_package_information.package_discovery:Found 1 installed packages in /home/henridvl/2dev_ws/install
[0.492s] DEBUG:colcon.colcon_installed_package_information.package_discovery:Found 402 installed packages in /opt/ros/humble
[0.549s] Level 1:colcon.colcon_core.package_discovery:discover_packages(prefix_path) using defaults
[0.728s] Level 5:colcon.colcon_core.verb:set package 'articubot_one' build argument 'cmake_args' from command line to 'None'
[0.728s] Level 5:colcon.colcon_core.verb:set package 'articubot_one' build argument 'cmake_target' from command line to 'None'
[0.728s] Level 5:colcon.colcon_core.verb:set package 'articubot_one' build argument 'cmake_target_skip_unavailable' from command line to 'False'
[0.728s] Level 5:colcon.colcon_core.verb:set package 'articubot_one' build argument 'cmake_clean_cache' from command line to 'False'
[0.728s] Level 5:colcon.colcon_core.verb:set package 'articubot_one' build argument 'cmake_clean_first' from command line to 'False'
[0.728s] Level 5:colcon.colcon_core.verb:set package 'articubot_one' build argument 'cmake_force_configure' from command line to 'False'
[0.728s] Level 5:colcon.colcon_core.verb:set package 'articubot_one' build argument 'ament_cmake_args' from command line to 'None'
[0.728s] Level 5:colcon.colcon_core.verb:set package 'articubot_one' build argument 'catkin_cmake_args' from command line to 'None'
[0.728s] Level 5:colcon.colcon_core.verb:set package 'articubot_one' build argument 'catkin_skip_building_tests' from command line to 'False'
[0.728s] DEBUG:colcon.colcon_core.verb:Building package 'articubot_one' with the following arguments: {'ament_cmake_args': None, 'build_base': '/home/henridvl/2dev_ws/src/build/articubot_one', 'catkin_cmake_args': None, 'catkin_skip_building_tests': False, 'cmake_args': None, 'cmake_clean_cache': False, 'cmake_clean_first': False, 'cmake_force_configure': False, 'cmake_target': None, 'cmake_target_skip_unavailable': False, 'install_base': '/home/henridvl/2dev_ws/src/install/articubot_one', 'merge_install': False, 'path': '/home/henridvl/2dev_ws/src/articubot_one', 'symlink_install': True, 'test_result_base': None}
[0.729s] Level 5:colcon.colcon_core.verb:set package 'diffdrive_arduino' build argument 'cmake_args' from command line to 'None'
[0.729s] Level 5:colcon.colcon_core.verb:set package 'diffdrive_arduino' build argument 'cmake_target' from command line to 'None'
[0.729s] Level 5:colcon.colcon_core.verb:set package 'diffdrive_arduino' build argument 'cmake_target_skip_unavailable' from command line to 'False'
[0.729s] Level 5:colcon.colcon_core.verb:set package 'diffdrive_arduino' build argument 'cmake_clean_cache' from command line to 'False'
[0.729s] Level 5:colcon.colcon_core.verb:set package 'diffdrive_arduino' build argument 'cmake_clean_first' from command line to 'False'
[0.729s] Level 5:colcon.colcon_core.verb:set package 'diffdrive_arduino' build argument 'cmake_force_configure' from command line to 'False'
[0.729s] Level 5:colcon.colcon_core.verb:set package 'diffdrive_arduino' build argument 'ament_cmake_args' from command line to 'None'
[0.729s] Level 5:colcon.colcon_core.verb:set package 'diffdrive_arduino' build argument 'catkin_cmake_args' from command line to 'None'
[0.729s] Level 5:colcon.colcon_core.verb:set package 'diffdrive_arduino' build argument 'catkin_skip_building_tests' from command line to 'False'
[0.729s] DEBUG:colcon.colcon_core.verb:Building package 'diffdrive_arduino' with the following arguments: {'ament_cmake_args': None, 'build_base': '/home/henridvl/2dev_ws/src/build/diffdrive_arduino', 'catkin_cmake_args': None, 'catkin_skip_building_tests': False, 'cmake_args': None, 'cmake_clean_cache': False, 'cmake_clean_first': False, 'cmake_force_configure': False, 'cmake_target': None, 'cmake_target_skip_unavailable': False, 'install_base': '/home/henridvl/2dev_ws/src/install/diffdrive_arduino', 'merge_install': False, 'path': '/home/henridvl/2dev_ws/src/diffdrive_arduino', 'symlink_install': True, 'test_result_base': None}
[0.729s] Level 5:colcon.colcon_core.verb:set package 'serial' build argument 'cmake_args' from command line to 'None'
[0.729s] Level 5:colcon.colcon_core.verb:set package 'serial' build argument 'cmake_target' from command line to 'None'
[0.729s] Level 5:colcon.colcon_core.verb:set package 'serial' build argument 'cmake_target_skip_unavailable' from command line to 'False'
[0.729s] Level 5:colcon.colcon_core.verb:set package 'serial' build argument 'cmake_clean_cache' from command line to 'False'
[0.729s] Level 5:colcon.colcon_core.verb:set package 'serial' build argument 'cmake_clean_first' from command line to 'False'
[0.729s] Level 5:colcon.colcon_core.verb:set package 'serial' build argument 'cmake_force_configure' from command line to 'False'
[0.729s] Level 5:colcon.colcon_core.verb:set package 'serial' build argument 'ament_cmake_args' from command line to 'None'
[0.729s] Level 5:colcon.colcon_core.verb:set package 'serial' build argument 'catkin_cmake_args' from command line to 'None'
[0.729s] Level 5:colcon.colcon_core.verb:set package 'serial' build argument 'catkin_skip_building_tests' from command line to 'False'
[0.729s] DEBUG:colcon.colcon_core.verb:Building package 'serial' with the following arguments: {'ament_cmake_args': None, 'build_base': '/home/henridvl/2dev_ws/src/build/serial', 'catkin_cmake_args': None, 'catkin_skip_building_tests': False, 'cmake_args': None, 'cmake_clean_cache': False, 'cmake_clean_first': False, 'cmake_force_configure': False, 'cmake_target': None, 'cmake_target_skip_unavailable': False, 'install_base': '/home/henridvl/2dev_ws/src/install/serial', 'merge_install': False, 'path': '/home/henridvl/2dev_ws/src/serial', 'symlink_install': True, 'test_result_base': None}
[0.729s] INFO:colcon.colcon_core.executor:Executing jobs using 'parallel' executor
[0.731s] DEBUG:colcon.colcon_parallel_executor.executor.parallel:run_until_complete
[0.732s] INFO:colcon.colcon_ros.task.ament_cmake.build:Building ROS package in '/home/henridvl/2dev_ws/src/articubot_one' with build type 'ament_cmake'
[0.732s] INFO:colcon.colcon_cmake.task.cmake.build:Building CMake package in '/home/henridvl/2dev_ws/src/articubot_one'
[0.743s] INFO:colcon.colcon_core.plugin_system:Skipping extension 'colcon_core.shell.bat': Not used on non-Windows systems
[0.743s] INFO:colcon.colcon_core.shell:Skip shell extension 'powershell' for command environment: Not usable outside of PowerShell
[0.743s] DEBUG:colcon.colcon_core.shell:Skip shell extension 'dsv' for command environment
[0.749s] INFO:colcon.colcon_ros.task.ament_cmake.build:Building ROS package in '/home/henridvl/2dev_ws/src/diffdrive_arduino' with build type 'ament_cmake'
[0.750s] INFO:colcon.colcon_cmake.task.cmake.build:Building CMake package in '/home/henridvl/2dev_ws/src/diffdrive_arduino'
[0.750s] INFO:colcon.colcon_core.shell:Skip shell extension 'powershell' for command environment: Not usable outside of PowerShell
[0.750s] DEBUG:colcon.colcon_core.shell:Skip shell extension 'dsv' for command environment
[0.755s] INFO:colcon.colcon_ros.task.ament_cmake.build:Building ROS package in '/home/henridvl/2dev_ws/src/serial' with build type 'ament_cmake'
[0.755s] INFO:colcon.colcon_cmake.task.cmake.build:Building CMake package in '/home/henridvl/2dev_ws/src/serial'
[0.756s] INFO:colcon.colcon_core.shell:Skip shell extension 'powershell' for command environment: Not usable outside of PowerShell
[0.756s] DEBUG:colcon.colcon_core.shell:Skip shell extension 'dsv' for command environment
[0.766s] DEBUG:colcon.colcon_core.event_handler.log_command:Invoking command in '/home/henridvl/2dev_ws/src/build/articubot_one': CMAKE_PREFIX_PATH=${CMAKE_PREFIX_PATH}:/opt/ros/humble /usr/bin/cmake /home/henridvl/2dev_ws/src/articubot_one -DAMENT_CMAKE_SYMLINK_INSTALL=1 -DCMAKE_INSTALL_PREFIX=/home/henridvl/2dev_ws/src/install/articubot_one
[0.777s] DEBUG:colcon.colcon_core.event_handler.log_command:Invoking command in '/home/henridvl/2dev_ws/src/build/diffdrive_arduino': CMAKE_PREFIX_PATH=${CMAKE_PREFIX_PATH}:/opt/ros/humble /usr/bin/cmake /home/henridvl/2dev_ws/src/diffdrive_arduino -DAMENT_CMAKE_SYMLINK_INSTALL=1 -DCMAKE_INSTALL_PREFIX=/home/henridvl/2dev_ws/src/install/diffdrive_arduino
[0.782s] DEBUG:colcon.colcon_core.event_handler.log_command:Invoking command in '/home/henridvl/2dev_ws/src/build/serial': CMAKE_PREFIX_PATH=${CMAKE_PREFIX_PATH}:/opt/ros/humble /usr/bin/cmake /home/henridvl/2dev_ws/src/serial -DAMENT_CMAKE_SYMLINK_INSTALL=1 -DCMAKE_INSTALL_PREFIX=/home/henridvl/2dev_ws/src/install/serial
[2.779s] DEBUG:colcon.colcon_core.event_handler.log_command:Invoked command in '/home/henridvl/2dev_ws/src/build/articubot_one' returned '0': CMAKE_PREFIX_PATH=${CMAKE_PREFIX_PATH}:/opt/ros/humble /usr/bin/cmake /home/henridvl/2dev_ws/src/articubot_one -DAMENT_CMAKE_SYMLINK_INSTALL=1 -DCMAKE_INSTALL_PREFIX=/home/henridvl/2dev_ws/src/install/articubot_one
[2.783s] DEBUG:colcon.colcon_core.event_handler.log_command:Invoking command in '/home/henridvl/2dev_ws/src/build/articubot_one': CMAKE_PREFIX_PATH=${CMAKE_PREFIX_PATH}:/opt/ros/humble /usr/bin/cmake --build /home/henridvl/2dev_ws/src/build/articubot_one -- -j16 -l16
[2.828s] DEBUG:colcon.colcon_core.event_handler.log_command:Invoked command in '/home/henridvl/2dev_ws/src/build/articubot_one' returned '0': CMAKE_PREFIX_PATH=${CMAKE_PREFIX_PATH}:/opt/ros/humble /usr/bin/cmake --build /home/henridvl/2dev_ws/src/build/articubot_one -- -j16 -l16
[2.864s] DEBUG:colcon.colcon_core.event_handler.log_command:Invoking command in '/home/henridvl/2dev_ws/src/build/articubot_one': CMAKE_PREFIX_PATH=${CMAKE_PREFIX_PATH}:/opt/ros/humble /usr/bin/cmake --install /home/henridvl/2dev_ws/src/build/articubot_one
[2.140s] DEBUG:colcon.colcon_core.event_handler.log_command:Invoked command in '/home/henridvl/2dev_ws/src/build/serial' returned '0': CMAKE_PREFIX_PATH=${CMAKE_PREFIX_PATH}:/opt/ros/humble /usr/bin/cmake /home/henridvl/2dev_ws/src/serial -DAMENT_CMAKE_SYMLINK_INSTALL=1 -DCMAKE_INSTALL_PREFIX=/home/henridvl/2dev_ws/src/install/serial
[2.142s] DEBUG:colcon.colcon_core.event_handler.log_command:Invoking command in '/home/henridvl/2dev_ws/src/build/serial': CMAKE_PREFIX_PATH=${CMAKE_PREFIX_PATH}:/opt/ros/humble /usr/bin/cmake --build /home/henridvl/2dev_ws/src/build/serial -- -j16 -l16
[2.407s] Level 1:colcon.colcon_core.environment:create_environment_scripts_only(articubot_one)
[2.408s] DEBUG:colcon.colcon_core.event_handler.log_command:Invoked command in '/home/henridvl/2dev_ws/src/build/articubot_one' returned '0': CMAKE_PREFIX_PATH=${CMAKE_PREFIX_PATH}:/opt/ros/humble /usr/bin/cmake --install /home/henridvl/2dev_ws/src/build/articubot_one
[2.420s] Level 1:colcon.colcon_core.environment:checking '/home/henridvl/2dev_ws/src/install/articubot_one' for CMake module files
[2.421s] Level 1:colcon.colcon_core.environment:checking '/home/henridvl/2dev_ws/src/install/articubot_one' for CMake config files
[2.421s] Level 1:colcon.colcon_core.shell:create_environment_hook('articubot_one', 'cmake_prefix_path')
[2.421s] INFO:colcon.colcon_core.shell:Creating environment hook '/home/henridvl/2dev_ws/src/install/articubot_one/share/articubot_one/hook/cmake_prefix_path.ps1'
[2.423s] INFO:colcon.colcon_core.shell:Creating environment descriptor '/home/henridvl/2dev_ws/src/install/articubot_one/share/articubot_one/hook/cmake_prefix_path.dsv'
[2.424s] INFO:colcon.colcon_core.shell:Creating environment hook '/home/henridvl/2dev_ws/src/install/articubot_one/share/articubot_one/hook/cmake_prefix_path.sh'
[2.425s] Level 1:colcon.colcon_core.environment:checking '/home/henridvl/2dev_ws/src/install/articubot_one/bin'
[2.425s] Level 1:colcon.colcon_core.environment:checking '/home/henridvl/2dev_ws/src/install/articubot_one/lib/pkgconfig/articubot_one.pc'
[2.425s] Level 1:colcon.colcon_core.environment:checking '/home/henridvl/2dev_ws/src/install/articubot_one/lib/python3.10/site-packages'
[2.425s] Level 1:colcon.colcon_core.environment:checking '/home/henridvl/2dev_ws/src/install/articubot_one/bin'
[2.426s] INFO:colcon.colcon_core.shell:Creating package script '/home/henridvl/2dev_ws/src/install/articubot_one/share/articubot_one/package.ps1'
[2.426s] INFO:colcon.colcon_core.shell:Creating package descriptor '/home/henridvl/2dev_ws/src/install/articubot_one/share/articubot_one/package.dsv'
[2.427s] INFO:colcon.colcon_core.shell:Creating package script '/home/henridvl/2dev_ws/src/install/articubot_one/share/articubot_one/package.sh'
[2.428s] INFO:colcon.colcon_core.shell:Creating package script '/home/henridvl/2dev_ws/src/install/articubot_one/share/articubot_one/package.bash'
[2.429s] INFO:colcon.colcon_core.shell:Creating package script '/home/henridvl/2dev_ws/src/install/articubot_one/share/articubot_one/package.zsh'
[2.430s] Level 1:colcon.colcon_core.environment:create_file_with_runtime_dependencies(/home/henridvl/2dev_ws/src/install/articubot_one/share/colcon-core/packages/articubot_one)
[2.453s] Level 1:colcon.colcon_core.environment:create_environment_scripts_only(articubot_one)
[2.453s] Level 1:colcon.colcon_core.environment:checking '/home/henridvl/2dev_ws/src/install/articubot_one' for CMake module files
[2.454s] Level 1:colcon.colcon_core.environment:checking '/home/henridvl/2dev_ws/src/install/articubot_one' for CMake config files
[2.454s] Level 1:colcon.colcon_core.shell:create_environment_hook('articubot_one', 'cmake_prefix_path')
[2.455s] INFO:colcon.colcon_core.shell:Creating environment hook '/home/henridvl/2dev_ws/src/install/articubot_one/share/articubot_one/hook/cmake_prefix_path.ps1'
[2.455s] INFO:colcon.colcon_core.shell:Creating environment descriptor '/home/henridvl/2dev_ws/src/install/articubot_one/share/articubot_one/hook/cmake_prefix_path.dsv'
[2.455s] INFO:colcon.colcon_core.shell:Creating environment hook '/home/henridvl/2dev_ws/src/install/articubot_one/share/articubot_one/hook/cmake_prefix_path.sh'
[2.456s] Level 1:colcon.colcon_core.environment:checking '/home/henridvl/2dev_ws/src/install/articubot_one/bin'
[2.456s] Level 1:colcon.colcon_core.environment:checking '/home/henridvl/2dev_ws/src/install/articubot_one/lib/pkgconfig/articubot_one.pc'
[2.456s] Level 1:colcon.colcon_core.environment:checking '/home/henridvl/2dev_ws/src/install/articubot_one/lib/python3.10/site-packages'
[2.456s] Level 1:colcon.colcon_core.environment:checking '/home/henridvl/2dev_ws/src/install/articubot_one/bin'
[2.456s] INFO:colcon.colcon_core.shell:Creating package script '/home/henridvl/2dev_ws/src/install/articubot_one/share/articubot_one/package.ps1'
[2.457s] INFO:colcon.colcon_core.shell:Creating package descriptor '/home/henridvl/2dev_ws/src/install/articubot_one/share/articubot_one/package.dsv'
[2.457s] INFO:colcon.colcon_core.shell:Creating package script '/home/henridvl/2dev_ws/src/install/articubot_one/share/articubot_one/package.sh'
[2.458s] INFO:colcon.colcon_core.shell:Creating package script '/home/henridvl/2dev_ws/src/install/articubot_one/share/articubot_one/package.bash'
[2.458s] INFO:colcon.colcon_core.shell:Creating package script '/home/henridvl/2dev_ws/src/install/articubot_one/share/articubot_one/package.zsh'
[2.458s] Level 1:colcon.colcon_core.environment:create_file_with_runtime_dependencies(/home/henridvl/2dev_ws/src/install/articubot_one/share/colcon-core/packages/articubot_one)
[4.528s] DEBUG:colcon.colcon_core.event_handler.log_command:Invoked command in '/home/henridvl/2dev_ws/src/build/diffdrive_arduino' returned '0': CMAKE_PREFIX_PATH=${CMAKE_PREFIX_PATH}:/opt/ros/humble /usr/bin/cmake /home/henridvl/2dev_ws/src/diffdrive_arduino -DAMENT_CMAKE_SYMLINK_INSTALL=1 -DCMAKE_INSTALL_PREFIX=/home/henridvl/2dev_ws/src/install/diffdrive_arduino
[4.530s] DEBUG:colcon.colcon_core.event_handler.log_command:Invoking command in '/home/henridvl/2dev_ws/src/build/diffdrive_arduino': CMAKE_PREFIX_PATH=${CMAKE_PREFIX_PATH}:/opt/ros/humble /usr/bin/cmake --build /home/henridvl/2dev_ws/src/build/diffdrive_arduino -- -j16 -l16
[4.841s] DEBUG:colcon.colcon_core.event_handler.log_command:Invoked command in '/home/henridvl/2dev_ws/src/build/diffdrive_arduino' returned '2': CMAKE_PREFIX_PATH=${CMAKE_PREFIX_PATH}:/opt/ros/humble /usr/bin/cmake --build /home/henridvl/2dev_ws/src/build/diffdrive_arduino -- -j16 -l16
[4.865s] Level 1:colcon.colcon_core.environment:create_environment_scripts_only(diffdrive_arduino)
[4.866s] Level 1:colcon.colcon_core.environment:checking '/home/henridvl/2dev_ws/src/install/diffdrive_arduino' for CMake module files
[4.866s] Level 1:colcon.colcon_core.environment:checking '/home/henridvl/2dev_ws/src/install/diffdrive_arduino' for CMake config files
[4.866s] Level 1:colcon.colcon_core.environment:checking '/home/henridvl/2dev_ws/src/install/diffdrive_arduino/bin'
[4.866s] Level 1:colcon.colcon_core.environment:checking '/home/henridvl/2dev_ws/src/install/diffdrive_arduino/lib/pkgconfig/diffdrive_arduino.pc'
[4.867s] Level 1:colcon.colcon_core.environment:checking '/home/henridvl/2dev_ws/src/install/diffdrive_arduino/lib/python3.10/site-packages'
[4.867s] Level 1:colcon.colcon_core.environment:checking '/home/henridvl/2dev_ws/src/install/diffdrive_arduino/bin'
[4.867s] INFO:colcon.colcon_core.shell:Creating package script '/home/henridvl/2dev_ws/src/install/diffdrive_arduino/share/diffdrive_arduino/package.ps1'
[4.868s] INFO:colcon.colcon_core.shell:Creating package descriptor '/home/henridvl/2dev_ws/src/install/diffdrive_arduino/share/diffdrive_arduino/package.dsv'
[4.869s] INFO:colcon.colcon_core.shell:Creating package script '/home/henridvl/2dev_ws/src/install/diffdrive_arduino/share/diffdrive_arduino/package.sh'
[4.869s] INFO:colcon.colcon_core.shell:Creating package script '/home/henridvl/2dev_ws/src/install/diffdrive_arduino/share/diffdrive_arduino/package.bash'
[4.869s] INFO:colcon.colcon_core.shell:Creating package script '/home/henridvl/2dev_ws/src/install/diffdrive_arduino/share/diffdrive_arduino/package.zsh'
[4.869s] Level 1:colcon.colcon_core.environment:create_file_with_runtime_dependencies(/home/henridvl/2dev_ws/src/install/diffdrive_arduino/share/colcon-core/packages/diffdrive_arduino)
[6.522s] DEBUG:colcon.colcon_parallel_executor.executor.parallel:closing loop
[6.523s] DEBUG:colcon.colcon_parallel_executor.executor.parallel:loop closed
[6.523s] DEBUG:colcon.colcon_parallel_executor.executor.parallel:run_until_complete finished with '2'
[6.523s] DEBUG:colcon.colcon_core.event_reactor:joining thread
[6.564s] INFO:colcon.colcon_core.plugin_system:Skipping extension 'colcon_notification.desktop_notification.notify_send': Could not find 'notify-send'
[6.564s] INFO:colcon.colcon_core.plugin_system:Skipping extension 'colcon_notification.desktop_notification.terminal_notifier': Not used on non-Darwin systems
[6.564s] INFO:colcon.colcon_core.plugin_system:Skipping extension 'colcon_notification.desktop_notification.win32': Not used on non-Windows systems
[6.564s] INFO:colcon.colcon_notification.desktop_notification:Sending desktop notification using 'notify2'
[6.572s] DEBUG:colcon.colcon_notification.desktop_notification.notify2:Failed to initialize notify2: org.freedesktop.DBus.Error.ServiceUnknown: The name org.freedesktop.Notifications was not provided by any .service files
[6.572s] DEBUG:colcon.colcon_core.event_reactor:joined thread
[6.573s] INFO:colcon.colcon_core.shell:Creating prefix script '/home/henridvl/2dev_ws/src/install/local_setup.ps1'
[6.574s] INFO:colcon.colcon_core.shell:Creating prefix util module '/home/henridvl/2dev_ws/src/install/_local_setup_util_ps1.py'
[6.575s] INFO:colcon.colcon_core.shell:Creating prefix chain script '/home/henridvl/2dev_ws/src/install/setup.ps1'
[6.576s] INFO:colcon.colcon_core.shell:Creating prefix script '/home/henridvl/2dev_ws/src/install/local_setup.sh'
[6.577s] INFO:colcon.colcon_core.shell:Creating prefix util module '/home/henridvl/2dev_ws/src/install/_local_setup_util_sh.py'
[6.578s] INFO:colcon.colcon_core.shell:Creating prefix chain script '/home/henridvl/2dev_ws/src/install/setup.sh'
[6.578s] INFO:colcon.colcon_core.shell:Creating prefix script '/home/henridvl/2dev_ws/src/install/local_setup.bash'
[6.580s] INFO:colcon.colcon_core.shell:Creating prefix chain script '/home/henridvl/2dev_ws/src/install/setup.bash'
[6.581s] INFO:colcon.colcon_core.shell:Creating prefix script '/home/henridvl/2dev_ws/src/install/local_setup.zsh'
[6.582s] INFO:colcon.colcon_core.shell:Creating prefix chain script '/home/henridvl/2dev_ws/src/install/setup.zsh'
