[0.018s] Invoking command in '/home/henridvl/2dev_ws/src/build/diffdrive_arduino': CMAKE_PREFIX_PATH=${CMAKE_PREFIX_PATH}:/opt/ros/humble /usr/bin/cmake /home/henridvl/2dev_ws/src/diffdrive_arduino -DCMAKE_INSTALL_PREFIX=/home/henridvl/2dev_ws/src/install/diffdrive_arduino
[0.033s] -- Found ament_cmake: 1.3.10 (/opt/ros/humble/share/ament_cmake/cmake)
[0.150s] -- Override CMake install command with custom implementation using symlinks instead of copying resources
[0.159s] -- Found hardware_interface: 2.43.1 (/opt/ros/humble/share/hardware_interface/cmake)
[0.369s] -- Found rosidl_generator_c: 3.1.5 (/opt/ros/humble/share/rosidl_generator_c/cmake)
[0.373s] -- Found rosidl_adapter: 3.1.5 (/opt/ros/humble/share/rosidl_adapter/cmake)
[0.387s] -- Found rosidl_generator_cpp: 3.1.5 (/opt/ros/humble/share/rosidl_generator_cpp/cmake)
[0.408s] -- Using all available rosidl_typesupport_c: rosidl_typesupport_fastrtps_c;rosidl_typesupport_introspection_c
[0.429s] -- Using all available rosidl_typesupport_cpp: rosidl_typesupport_fastrtps_cpp;rosidl_typesupport_introspection_cpp
[1.789s] -- Found rmw_implementation_cmake: 6.1.2 (/opt/ros/humble/share/rmw_implementation_cmake/cmake)
[1.791s] -- Found rmw_fastrtps_cpp: 6.2.7 (/opt/ros/humble/share/rmw_fastrtps_cpp/cmake)
[1.822s] -- Found TinyXML2 via Config file: TinyXML2_DIR-NOTFOUND
[1.841s] -- Found TinyXML2 via Config file: TinyXML2_DIR-NOTFOUND
[1.936s] -- Found TinyXML2 via Config file: TinyXML2_DIR-NOTFOUND
[1.945s] -- Found TinyXML2 via Config file: TinyXML2_DIR-NOTFOUND
[2.016s] -- Using RMW implementation 'rmw_fastrtps_cpp' as default
[2.111s] -- Found ament_cmake_gtest: 1.3.10 (/opt/ros/humble/share/ament_cmake_gtest/cmake)
[2.190s] -- Configuring done
[2.303s] -- Generating done
[2.305s] -- Build files have been written to: /home/henridvl/2dev_ws/src/build/diffdrive_arduino
[2.317s] Invoked command in '/home/henridvl/2dev_ws/src/build/diffdrive_arduino' returned '0': CMAKE_PREFIX_PATH=${CMAKE_PREFIX_PATH}:/opt/ros/humble /usr/bin/cmake /home/henridvl/2dev_ws/src/diffdrive_arduino -DCMAKE_INSTALL_PREFIX=/home/henridvl/2dev_ws/src/install/diffdrive_arduino
[2.319s] Invoking command in '/home/henridvl/2dev_ws/src/build/diffdrive_arduino': CMAKE_PREFIX_PATH=${CMAKE_PREFIX_PATH}:/opt/ros/humble /usr/bin/cmake --build /home/henridvl/2dev_ws/src/build/diffdrive_arduino -- -j16 -l16
[2.368s] [ 50%] [32mBuilding CXX object CMakeFiles/diffdrive_arduino.dir/hardware/diffbot_system.cpp.o[0m
[2.679s] In file included from [01m[K/home/henridvl/2dev_ws/src/diffdrive_arduino/hardware/include/diffdrive_arduino/diffbot_system.hpp:34[m[K,
[2.679s]                  from [01m[K/home/henridvl/2dev_ws/src/diffdrive_arduino/hardware/diffbot_system.cpp:15[m[K:
[2.680s] [01m[K/home/henridvl/2dev_ws/src/diffdrive_arduino/hardware/include/diffdrive_arduino/arduino_comms.hpp:7:10:[m[K [01;31m[Kfatal error: [m[Klibserial/SerialPort.h: No such file or directory
[2.680s]     7 | #include [01;31m[K<libserial/SerialPort.h>[m[K
[2.680s]       |          [01;31m[K^~~~~~~~~~~~~~~~~~~~~~~~[m[K
[2.680s] compilation terminated.
[2.683s] gmake[2]: *** [CMakeFiles/diffdrive_arduino.dir/build.make:76: CMakeFiles/diffdrive_arduino.dir/hardware/diffbot_system.cpp.o] Error 1
[2.683s] gmake[1]: *** [CMakeFiles/Makefile2:137: CMakeFiles/diffdrive_arduino.dir/all] Error 2
[2.683s] gmake: *** [Makefile:146: all] Error 2
[2.687s] Invoked command in '/home/henridvl/2dev_ws/src/build/diffdrive_arduino' returned '2': CMAKE_PREFIX_PATH=${CMAKE_PREFIX_PATH}:/opt/ros/humble /usr/bin/cmake --build /home/henridvl/2dev_ws/src/build/diffdrive_arduino -- -j16 -l16
