[0.032s] Invoking command in '/home/henridvl/2dev_ws/src/build/articubot_one': CMAKE_PREFIX_PATH=${CMAKE_PREFIX_PATH}:/opt/ros/humble /usr/bin/cmake /home/henridvl/2dev_ws/src/articubot_one -DAMENT_CMAKE_SYMLINK_INSTALL=1 -DCMAKE_INSTALL_PREFIX=/home/henridvl/2dev_ws/src/install/articubot_one
[0.505s] -- The C compiler identification is GNU 11.4.0
[0.978s] -- The CXX compiler identification is GNU 11.4.0
[1.353s] -- Detecting C compiler ABI info
[1.509s] -- Detecting C compiler ABI info - done
[1.514s] -- Check for working C compiler: /usr/bin/cc - skipped
[1.515s] -- Detecting C compile features
[1.516s] -- Detecting C compile features - done
[1.518s] -- Detecting CXX compiler ABI info
[1.681s] -- Detecting CXX compiler ABI info - done
[1.686s] -- Check for working CXX compiler: /usr/bin/c++ - skipped
[1.686s] -- Detecting CXX compile features
[1.686s] -- Detecting CXX compile features - done
[1.689s] -- Found ament_cmake: 1.3.10 (/opt/ros/humble/share/ament_cmake/cmake)
[1.813s] -- Found Python3: /usr/bin/python3 (found version "3.10.12") found components: Interpreter 
[1.868s] -- Override CMake install command with custom implementation using symlinks instead of copying resources
[1.900s] -- Found ament_lint_auto: 0.12.11 (/opt/ros/humble/share/ament_lint_auto/cmake)
[1.996s] -- Added test 'copyright' to check source files copyright and LICENSE
[2.015s] -- Added test 'flake8' to check Python code syntax and style conventions
[2.018s] -- Added test 'lint_cmake' to check CMake code style
[2.020s] -- Added test 'pep257' to check Python code against some of the docstring style conventions in PEP 257
[2.024s] -- Added test 'xmllint' to check XML markup files
[2.028s] -- Configuring done
[2.034s] -- Generating done
[2.035s] -- Build files have been written to: /home/henridvl/2dev_ws/src/build/articubot_one
[2.046s] Invoked command in '/home/henridvl/2dev_ws/src/build/articubot_one' returned '0': CMAKE_PREFIX_PATH=${CMAKE_PREFIX_PATH}:/opt/ros/humble /usr/bin/cmake /home/henridvl/2dev_ws/src/articubot_one -DAMENT_CMAKE_SYMLINK_INSTALL=1 -DCMAKE_INSTALL_PREFIX=/home/henridvl/2dev_ws/src/install/articubot_one
[2.050s] Invoking command in '/home/henridvl/2dev_ws/src/build/articubot_one': CMAKE_PREFIX_PATH=${CMAKE_PREFIX_PATH}:/opt/ros/humble /usr/bin/cmake --build /home/henridvl/2dev_ws/src/build/articubot_one -- -j16 -l16
[2.094s] Invoked command in '/home/henridvl/2dev_ws/src/build/articubot_one' returned '0': CMAKE_PREFIX_PATH=${CMAKE_PREFIX_PATH}:/opt/ros/humble /usr/bin/cmake --build /home/henridvl/2dev_ws/src/build/articubot_one -- -j16 -l16
[2.130s] Invoking command in '/home/henridvl/2dev_ws/src/build/articubot_one': CMAKE_PREFIX_PATH=${CMAKE_PREFIX_PATH}:/opt/ros/humble /usr/bin/cmake --install /home/henridvl/2dev_ws/src/build/articubot_one
[2.138s] -- Install configuration: ""
[2.138s] -- Execute custom install script
[2.140s] -- Symlinking: /home/henridvl/2dev_ws/src/install/articubot_one/share/articubot_one/config/ball_tracker_params_robot.yaml
[2.155s] -- Symlinking: /home/henridvl/2dev_ws/src/install/articubot_one/share/articubot_one/config/ball_tracker_params_sim.yaml
[2.167s] -- Symlinking: /home/henridvl/2dev_ws/src/install/articubot_one/share/articubot_one/config/drive_bot.rviz
[2.178s] -- Symlinking: /home/henridvl/2dev_ws/src/install/articubot_one/share/articubot_one/config/empty.yaml
[2.187s] -- Symlinking: /home/henridvl/2dev_ws/src/install/articubot_one/share/articubot_one/config/gaz_ros2_ctl_use_sim.yaml
[2.196s] -- Symlinking: /home/henridvl/2dev_ws/src/install/articubot_one/share/articubot_one/config/gazebo_params.yaml
[2.204s] -- Symlinking: /home/henridvl/2dev_ws/src/install/articubot_one/share/articubot_one/config/joystick.yaml
[2.213s] -- Symlinking: /home/henridvl/2dev_ws/src/install/articubot_one/share/articubot_one/config/main.rviz
[2.222s] -- Symlinking: /home/henridvl/2dev_ws/src/install/articubot_one/share/articubot_one/config/map.rviz
[2.231s] -- Symlinking: /home/henridvl/2dev_ws/src/install/articubot_one/share/articubot_one/config/mapper_params_online_async.yaml
[2.239s] -- Symlinking: /home/henridvl/2dev_ws/src/install/articubot_one/share/articubot_one/config/my_controllers.yaml
[2.247s] -- Symlinking: /home/henridvl/2dev_ws/src/install/articubot_one/share/articubot_one/config/nav2_params.yaml
[2.257s] -- Symlinking: /home/henridvl/2dev_ws/src/install/articubot_one/share/articubot_one/config/twist_mux.yaml
[2.266s] -- Symlinking: /home/henridvl/2dev_ws/src/install/articubot_one/share/articubot_one/config/view_bot.rviz
[2.273s] -- Symlinking: /home/henridvl/2dev_ws/src/install/articubot_one/share/articubot_one/description/camera.xacro
[2.279s] -- Symlinking: /home/henridvl/2dev_ws/src/install/articubot_one/share/articubot_one/description/depth_camera.xacro
[2.287s] -- Symlinking: /home/henridvl/2dev_ws/src/install/articubot_one/share/articubot_one/description/face.xacro
[2.295s] -- Symlinking: /home/henridvl/2dev_ws/src/install/articubot_one/share/articubot_one/description/gazebo_control.xacro
[2.304s] -- Symlinking: /home/henridvl/2dev_ws/src/install/articubot_one/share/articubot_one/description/inertial_macros.xacro
[2.313s] -- Symlinking: /home/henridvl/2dev_ws/src/install/articubot_one/share/articubot_one/description/lidar.xacro
[2.321s] -- Symlinking: /home/henridvl/2dev_ws/src/install/articubot_one/share/articubot_one/description/robot.urdf.xacro
[2.329s] -- Symlinking: /home/henridvl/2dev_ws/src/install/articubot_one/share/articubot_one/description/robot_core.xacro
[2.336s] -- Symlinking: /home/henridvl/2dev_ws/src/install/articubot_one/share/articubot_one/description/ros2_control.xacro
[2.342s] -- Symlinking: /home/henridvl/2dev_ws/src/install/articubot_one/share/articubot_one/launch/ball_tracker.launch.py
[2.349s] -- Symlinking: /home/henridvl/2dev_ws/src/install/articubot_one/share/articubot_one/launch/camera.launch.py
[2.356s] -- Symlinking: /home/henridvl/2dev_ws/src/install/articubot_one/share/articubot_one/launch/joystick.launch.py
[2.362s] -- Symlinking: /home/henridvl/2dev_ws/src/install/articubot_one/share/articubot_one/launch/launch_robot.launch.py
[2.369s] -- Symlinking: /home/henridvl/2dev_ws/src/install/articubot_one/share/articubot_one/launch/launch_sim.launch.py
[2.376s] -- Symlinking: /home/henridvl/2dev_ws/src/install/articubot_one/share/articubot_one/launch/localization_launch.py
[2.383s] -- Symlinking: /home/henridvl/2dev_ws/src/install/articubot_one/share/articubot_one/launch/navigation_launch.py
[2.391s] -- Symlinking: /home/henridvl/2dev_ws/src/install/articubot_one/share/articubot_one/launch/online_async_launch.py
[2.399s] -- Symlinking: /home/henridvl/2dev_ws/src/install/articubot_one/share/articubot_one/launch/rplidar.launch.py
[2.409s] -- Symlinking: /home/henridvl/2dev_ws/src/install/articubot_one/share/articubot_one/launch/rsp.launch.py
[2.418s] -- Symlinking: /home/henridvl/2dev_ws/src/install/articubot_one/share/articubot_one/worlds/empty.world
[2.436s] -- Symlinking: /home/henridvl/2dev_ws/src/install/articubot_one/share/articubot_one/worlds/obstacles.world
[2.439s] -- Symlinking: /home/henridvl/2dev_ws/src/install/articubot_one/share/ament_index/resource_index/package_run_dependencies/articubot_one
[2.448s] -- Symlinking: /home/henridvl/2dev_ws/src/install/articubot_one/share/ament_index/resource_index/parent_prefix_path/articubot_one
[2.457s] -- Symlinking: /home/henridvl/2dev_ws/src/install/articubot_one/share/articubot_one/environment/ament_prefix_path.sh
[2.467s] -- Symlinking: /home/henridvl/2dev_ws/src/install/articubot_one/share/articubot_one/environment/ament_prefix_path.dsv
[2.476s] -- Symlinking: /home/henridvl/2dev_ws/src/install/articubot_one/share/articubot_one/environment/path.sh
[2.485s] -- Symlinking: /home/henridvl/2dev_ws/src/install/articubot_one/share/articubot_one/environment/path.dsv
[2.494s] -- Symlinking: /home/henridvl/2dev_ws/src/install/articubot_one/share/articubot_one/local_setup.bash
[2.504s] -- Symlinking: /home/henridvl/2dev_ws/src/install/articubot_one/share/articubot_one/local_setup.sh
[2.514s] -- Symlinking: /home/henridvl/2dev_ws/src/install/articubot_one/share/articubot_one/local_setup.zsh
[2.523s] -- Symlinking: /home/henridvl/2dev_ws/src/install/articubot_one/share/articubot_one/local_setup.dsv
[2.531s] -- Symlinking: /home/henridvl/2dev_ws/src/install/articubot_one/share/articubot_one/package.dsv
[2.540s] -- Symlinking: /home/henridvl/2dev_ws/src/install/articubot_one/share/ament_index/resource_index/packages/articubot_one
[2.548s] -- Symlinking: /home/henridvl/2dev_ws/src/install/articubot_one/share/articubot_one/cmake/articubot_oneConfig.cmake
[2.557s] -- Symlinking: /home/henridvl/2dev_ws/src/install/articubot_one/share/articubot_one/cmake/articubot_oneConfig-version.cmake
[2.565s] -- Symlinking: /home/henridvl/2dev_ws/src/install/articubot_one/share/articubot_one/package.xml
[2.575s] Invoked command in '/home/henridvl/2dev_ws/src/build/articubot_one' returned '0': CMAKE_PREFIX_PATH=${CMAKE_PREFIX_PATH}:/opt/ros/humble /usr/bin/cmake --install /home/henridvl/2dev_ws/src/build/articubot_one
